(segmentation) zifan@c1-g4-01:~/segmentation$ python sign_language_segmentation/src/bslcp/find_negatives.py --subtitle_dir /users/zifan/BOBSL/v1.4/automatic_annotations/signing_aligned_subtitles/auto_sat_aligned
Scanning VTT files: 100%|███████████████████████████████████████████████████████████████████████| 2236/2236 [00:06<00:00, 324.97file/s]
Ignored 24 VTT files without matching EAF.
Filtering sign segments: 100%|████████████████████████████████████████████████████████████████████| 4751/4751 [02:27<00:00, 32.18gap/s]
Writing CSV: 100%|████████████████████████████████████████████████████████████████████████████| 2603/2603 [00:00<00:00, 457979.50row/s]

Gaps before segmentation filter: 4751
Gaps after segmentation filter:  2603

Summary statistics for remaining gap durations (seconds):
  Count:               2603
  Mean:                7.802
  Median:              5.680
  Standard deviation:  6.427
  Minimum:             1.000
  Maximum:             29.920

Random sample of 20 gaps (start – end in mm:ss):
  6230652792516611086: 22:40 – 22:48
  5591887646881516523: 30:50 – 30:59
  5376689169521167335: 50:16 – 50:29
  5496339656964283515: 12:58 – 13:20
  6112553647298626702: 37:30 – 37:35
  6119722806713297381: 01:33 – 01:40
  6151879656334156498: 32:25 – 32:29
  5355873610508841884: 22:14 – 22:30
  5480966680500759421: 36:20 – 36:29
  5773196255341640710: 09:10 – 09:22
  6196771943002142813: 57:08 – 57:26
  5597974474566652771: 17:59 – 18:02
  6052430118092074306: 34:37 – 34:41
  6350133199233852184: 54:23 – 54:36
  6270608873271300675: 58:39 – 58:55
  6121578232585169653: 26:36 – 26:38
  5726970381294952199: 38:50 – 39:02
  6135182111994337249: 29:34 – 29:36
  5288745848652707579: 00:30 – 00:35
  6147396998967316634: 39:12 – 39:15