Merged L9c → /users/zifan/BSL-Corpus/derivatives/annotation_merged/L9c.eaf
Merged BL15c → /users/zifan/BSL-Corpus/derivatives/annotation_merged/BL15c.eaf
Merged L4c → /users/zifan/BSL-Corpus/derivatives/annotation_merged/L4c.eaf
Merged L26c → /users/zifan/BSL-Corpus/derivatives/annotation_merged/L26c.eaf
Merged BF6c → /users/zifan/BSL-Corpus/derivatives/annotation_merged/BF6c.eaf
Merged M18c → /users/zifan/BSL-Corpus/derivatives/annotation_merged/M18c.eaf
Merged L6c → /users/zifan/BSL-Corpus/derivatives/annotation_merged/L6c.eaf
Merged BM7c → /users/zifan/BSL-Corpus/derivatives/annotation_merged/BM7c.eaf
Merged CF8n → /users/zifan/BSL-Corpus/derivatives/annotation_merged/CF8n.eaf
Merged N5c → /users/zifan/BSL-Corpus/derivatives/annotation_merged/N5c.eaf
Merged L22c → /users/zifan/BSL-Corpus/derivatives/annotation_merged/L22c.eaf
Merged M20c → /users/zifan/BSL-Corpus/derivatives/annotation_merged/M20c.eaf
Merged G24n → /users/zifan/BSL-Corpus/derivatives/annotation_merged/G24n.eaf
Merged BF8n → /users/zifan/BSL-Corpus/derivatives/annotation_merged/BF8n.eaf
Merged BF20n → /users/zifan/BSL-Corpus/derivatives/annotation_merged/BF20n.eaf
Merged BL10n → /users/zifan/BSL-Corpus/derivatives/annotation_merged/BL10n.eaf
Merged CF2n → /users/zifan/BSL-Corpus/derivatives/annotation_merged/CF2n.eaf
Merged CF6c → /users/zifan/BSL-Corpus/derivatives/annotation_merged/CF6c.eaf
Merged G18n → /users/zifan/BSL-Corpus/derivatives/annotation_merged/G18n.eaf
Merged BM19c → /users/zifan/BSL-Corpus/derivatives/annotation_merged/BM19c.eaf
Merged G17c → /users/zifan/BSL-Corpus/derivatives/annotation_merged/G17c.eaf
Merged G11n → /users/zifan/BSL-Corpus/derivatives/annotation_merged/G11n.eaf
Merged G22n → /users/zifan/BSL-Corpus/derivatives/annotation_merged/G22n.eaf
Merged CF5n → /users/zifan/BSL-Corpus/derivatives/annotation_merged/CF5n.eaf
Merged BM11n → /users/zifan/BSL-Corpus/derivatives/annotation_merged/BM11n.eaf
Merged L3c → /users/zifan/BSL-Corpus/derivatives/annotation_merged/L3c.eaf
Merged BM20c → /users/zifan/BSL-Corpus/derivatives/annotation_merged/BM20c.eaf
Merged BM24c → /users/zifan/BSL-Corpus/derivatives/annotation_merged/BM24c.eaf
Merged BL11c → /users/zifan/BSL-Corpus/derivatives/annotation_merged/BL11c.eaf
Merged G7n → /users/zifan/BSL-Corpus/derivatives/annotation_merged/G7n.eaf
Merged M15c → /users/zifan/BSL-Corpus/derivatives/annotation_merged/M15c.eaf
Merged CF4n → /users/zifan/BSL-Corpus/derivatives/annotation_merged/CF4n.eaf
Merged CF1c → /users/zifan/BSL-Corpus/derivatives/annotation_merged/CF1c.eaf
Merged BF14n → /users/zifan/BSL-Corpus/derivatives/annotation_merged/BF14n.eaf
Merged N6c → /users/zifan/BSL-Corpus/derivatives/annotation_merged/N6c.eaf
Merged L33c → /users/zifan/BSL-Corpus/derivatives/annotation_merged/L33c.eaf
Merged G9c → /users/zifan/BSL-Corpus/derivatives/annotation_merged/G9c.eaf
Merged BF1n → /users/zifan/BSL-Corpus/derivatives/annotation_merged/BF1n.eaf
Merged BF10c → /users/zifan/BSL-Corpus/derivatives/annotation_merged/BF10c.eaf
Merged BF17n → /users/zifan/BSL-Corpus/derivatives/annotation_merged/BF17n.eaf
Merged CF10c → /users/zifan/BSL-Corpus/derivatives/annotation_merged/CF10c.eaf
Merged CF4c → /users/zifan/BSL-Corpus/derivatives/annotation_merged/CF4c.eaf
Merged G15n → /users/zifan/BSL-Corpus/derivatives/annotation_merged/G15n.eaf
Merged BM29c → /users/zifan/BSL-Corpus/derivatives/annotation_merged/BM29c.eaf
Merged N11c → /users/zifan/BSL-Corpus/derivatives/annotation_merged/N11c.eaf
Merged G1n → /users/zifan/BSL-Corpus/derivatives/annotation_merged/G1n.eaf
Merged M13c → /users/zifan/BSL-Corpus/derivatives/annotation_merged/M13c.eaf
Merged BF15n → /users/zifan/BSL-Corpus/derivatives/annotation_merged/BF15n.eaf
Merged M16c → /users/zifan/BSL-Corpus/derivatives/annotation_merged/M16c.eaf
Merged G20n → /users/zifan/BSL-Corpus/derivatives/annotation_merged/G20n.eaf
Merged N7c → /users/zifan/BSL-Corpus/derivatives/annotation_merged/N7c.eaf
Merged BF11n → /users/zifan/BSL-Corpus/derivatives/annotation_merged/BF11n.eaf
Merged L18c → /users/zifan/BSL-Corpus/derivatives/annotation_merged/L18c.eaf
Merged BM28c → /users/zifan/BSL-Corpus/derivatives/annotation_merged/BM28c.eaf
Merged BF11c → /users/zifan/BSL-Corpus/derivatives/annotation_merged/BF11c.eaf
Merged CF21n → /users/zifan/BSL-Corpus/derivatives/annotation_merged/CF21n.eaf
Merged G18c → /users/zifan/BSL-Corpus/derivatives/annotation_merged/G18c.eaf
Merged G23n → /users/zifan/BSL-Corpus/derivatives/annotation_merged/G23n.eaf
Merged L36c → /users/zifan/BSL-Corpus/derivatives/annotation_merged/L36c.eaf
Merged N30c → /users/zifan/BSL-Corpus/derivatives/annotation_merged/N30c.eaf
Merged CF19n → /users/zifan/BSL-Corpus/derivatives/annotation_merged/CF19n.eaf
Merged CF14n → /users/zifan/BSL-Corpus/derivatives/annotation_merged/CF14n.eaf
Merged BM22c → /users/zifan/BSL-Corpus/derivatives/annotation_merged/BM22c.eaf
Merged L35c → /users/zifan/BSL-Corpus/derivatives/annotation_merged/L35c.eaf
Merged BM14c → /users/zifan/BSL-Corpus/derivatives/annotation_merged/BM14c.eaf
Merged L5c → /users/zifan/BSL-Corpus/derivatives/annotation_merged/L5c.eaf
Merged BF19n → /users/zifan/BSL-Corpus/derivatives/annotation_merged/BF19n.eaf
Merged CF3n → /users/zifan/BSL-Corpus/derivatives/annotation_merged/CF3n.eaf
Merged G5n → /users/zifan/BSL-Corpus/derivatives/annotation_merged/G5n.eaf
Merged BM8c → /users/zifan/BSL-Corpus/derivatives/annotation_merged/BM8c.eaf
Merged M12c → /users/zifan/BSL-Corpus/derivatives/annotation_merged/M12c.eaf
Merged G10c → /users/zifan/BSL-Corpus/derivatives/annotation_merged/G10c.eaf
Merged CF2c → /users/zifan/BSL-Corpus/derivatives/annotation_merged/CF2c.eaf
Merged BL16c → /users/zifan/BSL-Corpus/derivatives/annotation_merged/BL16c.eaf
Merged CF1n → /users/zifan/BSL-Corpus/derivatives/annotation_merged/CF1n.eaf
Merged BF21n → /users/zifan/BSL-Corpus/derivatives/annotation_merged/BF21n.eaf
Merged G3n → /users/zifan/BSL-Corpus/derivatives/annotation_merged/G3n.eaf
Merged BF24n → /users/zifan/BSL-Corpus/derivatives/annotation_merged/BF24n.eaf
Merged BL21c → /users/zifan/BSL-Corpus/derivatives/annotation_merged/BL21c.eaf
Merged CF20n → /users/zifan/BSL-Corpus/derivatives/annotation_merged/CF20n.eaf
Merged L23c → /users/zifan/BSL-Corpus/derivatives/annotation_merged/L23c.eaf
Merged G9n → /users/zifan/BSL-Corpus/derivatives/annotation_merged/G9n.eaf
Merged G10n → /users/zifan/BSL-Corpus/derivatives/annotation_merged/G10n.eaf
Merged G6n → /users/zifan/BSL-Corpus/derivatives/annotation_merged/G6n.eaf
Merged G13n → /users/zifan/BSL-Corpus/derivatives/annotation_merged/G13n.eaf
Merged L20c → /users/zifan/BSL-Corpus/derivatives/annotation_merged/L20c.eaf
Merged M9c → /users/zifan/BSL-Corpus/derivatives/annotation_merged/M9c.eaf
Merged G17n → /users/zifan/BSL-Corpus/derivatives/annotation_merged/G17n.eaf
Merged BF18n → /users/zifan/BSL-Corpus/derivatives/annotation_merged/BF18n.eaf
Merged CF18n → /users/zifan/BSL-Corpus/derivatives/annotation_merged/CF18n.eaf
Merged M11c → /users/zifan/BSL-Corpus/derivatives/annotation_merged/M11c.eaf
Merged BF3n → /users/zifan/BSL-Corpus/derivatives/annotation_merged/BF3n.eaf
Merged BM16c → /users/zifan/BSL-Corpus/derivatives/annotation_merged/BM16c.eaf
Merged M17c → /users/zifan/BSL-Corpus/derivatives/annotation_merged/M17c.eaf
Merged G21n → /users/zifan/BSL-Corpus/derivatives/annotation_merged/G21n.eaf
Merged BF2n → /users/zifan/BSL-Corpus/derivatives/annotation_merged/BF2n.eaf
Merged BF4n → /users/zifan/BSL-Corpus/derivatives/annotation_merged/BF4n.eaf
Merged M28c → /users/zifan/BSL-Corpus/derivatives/annotation_merged/M28c.eaf
Merged BF22n → /users/zifan/BSL-Corpus/derivatives/annotation_merged/BF22n.eaf
Merged CF12n → /users/zifan/BSL-Corpus/derivatives/annotation_merged/CF12n.eaf
Merged L29c → /users/zifan/BSL-Corpus/derivatives/annotation_merged/L29c.eaf
Merged N29c → /users/zifan/BSL-Corpus/derivatives/annotation_merged/N29c.eaf
Merged BM21c → /users/zifan/BSL-Corpus/derivatives/annotation_merged/BM21c.eaf
Merged L25c → /users/zifan/BSL-Corpus/derivatives/annotation_merged/L25c.eaf
Merged M19c → /users/zifan/BSL-Corpus/derivatives/annotation_merged/M19c.eaf
Merged CF27n → /users/zifan/BSL-Corpus/derivatives/annotation_merged/CF27n.eaf
Merged CF9n → /users/zifan/BSL-Corpus/derivatives/annotation_merged/CF9n.eaf
Merged BF13n → /users/zifan/BSL-Corpus/derivatives/annotation_merged/BF13n.eaf
Merged M2c → /users/zifan/BSL-Corpus/derivatives/annotation_merged/M2c.eaf
Merged BM5c → /users/zifan/BSL-Corpus/derivatives/annotation_merged/BM5c.eaf
Merged M3c → /users/zifan/BSL-Corpus/derivatives/annotation_merged/M3c.eaf
Merged BL12c → /users/zifan/BSL-Corpus/derivatives/annotation_merged/BL12c.eaf
Merged L24c → /users/zifan/BSL-Corpus/derivatives/annotation_merged/L24c.eaf
Merged BM10n → /users/zifan/BSL-Corpus/derivatives/annotation_merged/BM10n.eaf
Merged CF17n → /users/zifan/BSL-Corpus/derivatives/annotation_merged/CF17n.eaf
Merged CF13n → /users/zifan/BSL-Corpus/derivatives/annotation_merged/CF13n.eaf
Merged CF24n → /users/zifan/BSL-Corpus/derivatives/annotation_merged/CF24n.eaf
Merged M25c → /users/zifan/BSL-Corpus/derivatives/annotation_merged/M25c.eaf
Merged BL17c → /users/zifan/BSL-Corpus/derivatives/annotation_merged/BL17c.eaf
Merged BL13c → /users/zifan/BSL-Corpus/derivatives/annotation_merged/BL13c.eaf
Merged G3c → /users/zifan/BSL-Corpus/derivatives/annotation_merged/G3c.eaf
Merged BF6n → /users/zifan/BSL-Corpus/derivatives/annotation_merged/BF6n.eaf
Merged CF6n → /users/zifan/BSL-Corpus/derivatives/annotation_merged/CF6n.eaf
Merged M26c → /users/zifan/BSL-Corpus/derivatives/annotation_merged/M26c.eaf
Merged CF25n → /users/zifan/BSL-Corpus/derivatives/annotation_merged/CF25n.eaf
Merged BF12n → /users/zifan/BSL-Corpus/derivatives/annotation_merged/BF12n.eaf
Merged G14n → /users/zifan/BSL-Corpus/derivatives/annotation_merged/G14n.eaf
Merged CF11n → /users/zifan/BSL-Corpus/derivatives/annotation_merged/CF11n.eaf
Merged CF22n → /users/zifan/BSL-Corpus/derivatives/annotation_merged/CF22n.eaf
Merged CF10n → /users/zifan/BSL-Corpus/derivatives/annotation_merged/CF10n.eaf
Merged BM13c → /users/zifan/BSL-Corpus/derivatives/annotation_merged/BM13c.eaf
Merged BM2c → /users/zifan/BSL-Corpus/derivatives/annotation_merged/BM2c.eaf
Merged M1c → /users/zifan/BSL-Corpus/derivatives/annotation_merged/M1c.eaf
Merged BF1c → /users/zifan/BSL-Corpus/derivatives/annotation_merged/BF1c.eaf
Merged CF9c → /users/zifan/BSL-Corpus/derivatives/annotation_merged/CF9c.eaf
Merged M24c → /users/zifan/BSL-Corpus/derivatives/annotation_merged/M24c.eaf
Merged G8n → /users/zifan/BSL-Corpus/derivatives/annotation_merged/G8n.eaf
Merged CF7n → /users/zifan/BSL-Corpus/derivatives/annotation_merged/CF7n.eaf
Merged M23c → /users/zifan/BSL-Corpus/derivatives/annotation_merged/M23c.eaf
Merged BL23c → /users/zifan/BSL-Corpus/derivatives/annotation_merged/BL23c.eaf
Merged N26c → /users/zifan/BSL-Corpus/derivatives/annotation_merged/N26c.eaf
Merged BL1nc → /users/zifan/BSL-Corpus/derivatives/annotation_merged/BL1nc.eaf
Merged BF10n → /users/zifan/BSL-Corpus/derivatives/annotation_merged/BF10n.eaf
Merged G12c → /users/zifan/BSL-Corpus/derivatives/annotation_merged/G12c.eaf
Merged M10c → /users/zifan/BSL-Corpus/derivatives/annotation_merged/M10c.eaf
Merged G25n → /users/zifan/BSL-Corpus/derivatives/annotation_merged/G25n.eaf
Merged CF5c → /users/zifan/BSL-Corpus/derivatives/annotation_merged/CF5c.eaf
Merged N12c → /users/zifan/BSL-Corpus/derivatives/annotation_merged/N12c.eaf
Merged M30c → /users/zifan/BSL-Corpus/derivatives/annotation_merged/M30c.eaf
Merged CF28n → /users/zifan/BSL-Corpus/derivatives/annotation_merged/CF28n.eaf
Merged BL24c → /users/zifan/BSL-Corpus/derivatives/annotation_merged/BL24c.eaf
Merged CF3c → /users/zifan/BSL-Corpus/derivatives/annotation_merged/CF3c.eaf
Merged BF23n → /users/zifan/BSL-Corpus/derivatives/annotation_merged/BF23n.eaf
Merged M6c → /users/zifan/BSL-Corpus/derivatives/annotation_merged/M6c.eaf
Merged G4c → /users/zifan/BSL-Corpus/derivatives/annotation_merged/G4c.eaf
Merged BF9n → /users/zifan/BSL-Corpus/derivatives/annotation_merged/BF9n.eaf
Merged BF5n → /users/zifan/BSL-Corpus/derivatives/annotation_merged/BF5n.eaf
Merged BM15c → /users/zifan/BSL-Corpus/derivatives/annotation_merged/BM15c.eaf
Merged BF25n → /users/zifan/BSL-Corpus/derivatives/annotation_merged/BF25n.eaf
Merged G12n → /users/zifan/BSL-Corpus/derivatives/annotation_merged/G12n.eaf
Merged G1c → /users/zifan/BSL-Corpus/derivatives/annotation_merged/G1c.eaf
Merged N8c → /users/zifan/BSL-Corpus/derivatives/annotation_merged/N8c.eaf
Merged G4n → /users/zifan/BSL-Corpus/derivatives/annotation_merged/G4n.eaf
Merged G19n → /users/zifan/BSL-Corpus/derivatives/annotation_merged/G19n.eaf
Merged BF9c → /users/zifan/BSL-Corpus/derivatives/annotation_merged/BF9c.eaf
Merged N25c → /users/zifan/BSL-Corpus/derivatives/annotation_merged/N25c.eaf
Merged BM1c → /users/zifan/BSL-Corpus/derivatives/annotation_merged/BM1c.eaf
Merged BM23c → /users/zifan/BSL-Corpus/derivatives/annotation_merged/BM23c.eaf
Merged BF2c → /users/zifan/BSL-Corpus/derivatives/annotation_merged/BF2c.eaf
Merged G16n → /users/zifan/BSL-Corpus/derivatives/annotation_merged/G16n.eaf
Merged M29c → /users/zifan/BSL-Corpus/derivatives/annotation_merged/M29c.eaf
Merged CF23n → /users/zifan/BSL-Corpus/derivatives/annotation_merged/CF23n.eaf
Merged L27c → /users/zifan/BSL-Corpus/derivatives/annotation_merged/L27c.eaf
Merged G11c → /users/zifan/BSL-Corpus/derivatives/annotation_merged/G11c.eaf
Merged BF16n → /users/zifan/BSL-Corpus/derivatives/annotation_merged/BF16n.eaf
Merged L8c → /users/zifan/BSL-Corpus/derivatives/annotation_merged/L8c.eaf
Merged BF18c → /users/zifan/BSL-Corpus/derivatives/annotation_merged/BF18c.eaf
Merged BF17c → /users/zifan/BSL-Corpus/derivatives/annotation_merged/BF17c.eaf
Merged M27c → /users/zifan/BSL-Corpus/derivatives/annotation_merged/M27c.eaf
Merged G2c → /users/zifan/BSL-Corpus/derivatives/annotation_merged/G2c.eaf
Merged BM17n → /users/zifan/BSL-Corpus/derivatives/annotation_merged/BM17n.eaf
Merged L21c → /users/zifan/BSL-Corpus/derivatives/annotation_merged/L21c.eaf
Merged BF12c → /users/zifan/BSL-Corpus/derivatives/annotation_merged/BF12c.eaf
Merged BF5c → /users/zifan/BSL-Corpus/derivatives/annotation_merged/BF5c.eaf
Merged BM6c → /users/zifan/BSL-Corpus/derivatives/annotation_merged/BM6c.eaf
Merged L10c → /users/zifan/BSL-Corpus/derivatives/annotation_merged/L10c.eaf
Merged L19c → /users/zifan/BSL-Corpus/derivatives/annotation_merged/L19c.eaf
Merged G2n → /users/zifan/BSL-Corpus/derivatives/annotation_merged/G2n.eaf

Saved 262837 annotations to data_merged.csv

Summary Statistics:

|                                      | train            | val              | test            |
|--------------------------------------|------------------|------------------|-----------------|
| Avg frames per sign                  | 10.2 ± 8.3       | 9.6 ± 7.2        | 10.3 ± 8.2      |
| Avg frames per sign (incl. pseudo)   | 8.2 ± 6.6        | 8.0 ± 6.3        | 8.8 ± 7.2       |
| Avg frames per video                 | 1997.0 ± 1401.3  | 2224.1 ± 1329.7  | 2144.3 ± 1516.6 |
| Avg frames per video (incl. pseudo)  | 11555.2 ± 8405.1 | 14569.7 ± 8333.9 | 9002.7 ± 5643.6 |
| Avg glosses per video                | 195.5 ± 128.4    | 231.5 ± 133.5    | 207.7 ± 142.6   |
| Avg glosses per video (incl. pseudo) | 1405.2 ± 1045.6  | 1820.1 ± 1065.9  | 1023.9 ± 626.1  |
| Total videos                         | 149              | 17               | 22              |
| Total signers                        | 157              | 20               | 21              |
| Total glosses                        | 956              | 586              | 606             |
